theme - webinarAction:
<pre class='xdebug-var-dump' dir='ltr'>
<small>/var/www/webinar/bitrix/modules/main/lib/diag/debug.php:47:</small>
<b>array</b> <i>(size=0)</i>
  <i><font color='#888a85'>empty</font></i>
</pre>

month - webinarAction:
<pre class='xdebug-var-dump' dir='ltr'>
<small>/var/www/webinar/bitrix/modules/main/lib/diag/debug.php:47:</small>
<b>array</b> <i>(size=1)</i>
  0 <font color='#888a85'>=&gt;</font> <small>string</small> <font color='#cc0000'>'5'</font> <i>(length=1)</i>
</pre>

theme - webinarAction:
<pre class='xdebug-var-dump' dir='ltr'>
<small>/var/www/webinar/bitrix/modules/main/lib/diag/debug.php:47:</small>
<b>array</b> <i>(size=0)</i>
  <i><font color='#888a85'>empty</font></i>
</pre>

month - webinarAction:
<pre class='xdebug-var-dump' dir='ltr'>
<small>/var/www/webinar/bitrix/modules/main/lib/diag/debug.php:47:</small>
<b>array</b> <i>(size=1)</i>
  0 <font color='#888a85'>=&gt;</font> <small>int</small> <font color='#4e9a06'>5</font>
</pre>

$monthEnum - formatStartEnd:
<pre class='xdebug-var-dump' dir='ltr'>
<small>/var/www/webinar/bitrix/modules/main/lib/diag/debug.php:47:</small>
<b>object</b>(<i>Drfoxg\Webinar\Helpers\Month</i>)[<i>254</i>]
  <i>protected</i> 'value' <font color='#888a85'>=&gt;</font> <small>int</small> <font color='#4e9a06'>1</font>
</pre>

theme - webinarAction:
<pre class='xdebug-var-dump' dir='ltr'>
<small>/var/www/webinar/bitrix/modules/main/lib/diag/debug.php:47:</small>
<b>array</b> <i>(size=0)</i>
  <i><font color='#888a85'>empty</font></i>
</pre>

month - webinarAction:
<pre class='xdebug-var-dump' dir='ltr'>
<small>/var/www/webinar/bitrix/modules/main/lib/diag/debug.php:47:</small>
<b>array</b> <i>(size=1)</i>
  0 <font color='#888a85'>=&gt;</font> <small>string</small> <font color='#cc0000'>'5'</font> <i>(length=1)</i>
</pre>

theme - webinarAction:
<pre class='xdebug-var-dump' dir='ltr'>
<small>/var/www/webinar/bitrix/modules/main/lib/diag/debug.php:47:</small>
<b>array</b> <i>(size=0)</i>
  <i><font color='#888a85'>empty</font></i>
</pre>

month - webinarAction:
<pre class='xdebug-var-dump' dir='ltr'>
<small>/var/www/webinar/bitrix/modules/main/lib/diag/debug.php:47:</small>
<b>array</b> <i>(size=1)</i>
  0 <font color='#888a85'>=&gt;</font> <small>int</small> <font color='#4e9a06'>5</font>
</pre>

monthEnum - formatStartEnd:
<pre class='xdebug-var-dump' dir='ltr'>
<small>/var/www/webinar/bitrix/modules/main/lib/diag/debug.php:47:</small>
<b>object</b>(<i>Drfoxg\Webinar\Helpers\Month</i>)[<i>254</i>]
  <i>protected</i> 'value' <font color='#888a85'>=&gt;</font> <small>int</small> <font color='#4e9a06'>1</font>
</pre>

theme - webinarAction:
<pre class='xdebug-var-dump' dir='ltr'>
<small>/var/www/webinar/bitrix/modules/main/lib/diag/debug.php:47:</small>
<b>array</b> <i>(size=0)</i>
  <i><font color='#888a85'>empty</font></i>
</pre>

month - webinarAction:
<pre class='xdebug-var-dump' dir='ltr'>
<small>/var/www/webinar/bitrix/modules/main/lib/diag/debug.php:47:</small>
<b>array</b> <i>(size=1)</i>
  0 <font color='#888a85'>=&gt;</font> <small>string</small> <font color='#cc0000'>'5'</font> <i>(length=1)</i>
</pre>

theme - webinarAction:
<pre class='xdebug-var-dump' dir='ltr'>
<small>/var/www/webinar/bitrix/modules/main/lib/diag/debug.php:47:</small>
<b>array</b> <i>(size=0)</i>
  <i><font color='#888a85'>empty</font></i>
</pre>

month - webinarAction:
<pre class='xdebug-var-dump' dir='ltr'>
<small>/var/www/webinar/bitrix/modules/main/lib/diag/debug.php:47:</small>
<b>array</b> <i>(size=1)</i>
  0 <font color='#888a85'>=&gt;</font> <small>int</small> <font color='#4e9a06'>5</font>
</pre>

monthEnum - formatStartEnd:
<pre class='xdebug-var-dump' dir='ltr'>
<small>/var/www/webinar/bitrix/modules/main/lib/diag/debug.php:47:</small>
<b>object</b>(<i>Drfoxg\Webinar\Helpers\Month</i>)[<i>254</i>]
  <i>protected</i> 'value' <font color='#888a85'>=&gt;</font> <small>int</small> <font color='#4e9a06'>1</font>
</pre>

theme - webinarAction:
<pre class='xdebug-var-dump' dir='ltr'>
<small>/var/www/webinar/bitrix/modules/main/lib/diag/debug.php:47:</small>
<b>array</b> <i>(size=0)</i>
  <i><font color='#888a85'>empty</font></i>
</pre>

month - webinarAction:
<pre class='xdebug-var-dump' dir='ltr'>
<small>/var/www/webinar/bitrix/modules/main/lib/diag/debug.php:47:</small>
<b>array</b> <i>(size=1)</i>
  0 <font color='#888a85'>=&gt;</font> <small>string</small> <font color='#cc0000'>'5'</font> <i>(length=1)</i>
</pre>

theme - webinarAction:
<pre class='xdebug-var-dump' dir='ltr'>
<small>/var/www/webinar/bitrix/modules/main/lib/diag/debug.php:47:</small>
<b>array</b> <i>(size=0)</i>
  <i><font color='#888a85'>empty</font></i>
</pre>

month - webinarAction:
<pre class='xdebug-var-dump' dir='ltr'>
<small>/var/www/webinar/bitrix/modules/main/lib/diag/debug.php:47:</small>
<b>array</b> <i>(size=1)</i>
  0 <font color='#888a85'>=&gt;</font> <small>int</small> <font color='#4e9a06'>5</font>
</pre>

monthEnum - formatStartEnd:
<pre class='xdebug-var-dump' dir='ltr'>
<small>/var/www/webinar/bitrix/modules/main/lib/diag/debug.php:47:</small>
<b>object</b>(<i>Drfoxg\Webinar\Helpers\Month</i>)[<i>254</i>]
  <i>protected</i> 'value' <font color='#888a85'>=&gt;</font> <small>int</small> <font color='#4e9a06'>1</font>
</pre>

theme - webinarAction:
<pre class='xdebug-var-dump' dir='ltr'>
<small>/var/www/webinar/bitrix/modules/main/lib/diag/debug.php:47:</small>
<b>array</b> <i>(size=0)</i>
  <i><font color='#888a85'>empty</font></i>
</pre>

month - webinarAction:
<pre class='xdebug-var-dump' dir='ltr'>
<small>/var/www/webinar/bitrix/modules/main/lib/diag/debug.php:47:</small>
<b>array</b> <i>(size=1)</i>
  0 <font color='#888a85'>=&gt;</font> <small>string</small> <font color='#cc0000'>'5'</font> <i>(length=1)</i>
</pre>

theme - webinarAction:
<pre class='xdebug-var-dump' dir='ltr'>
<small>/var/www/webinar/bitrix/modules/main/lib/diag/debug.php:47:</small>
<b>array</b> <i>(size=0)</i>
  <i><font color='#888a85'>empty</font></i>
</pre>

month - webinarAction:
<pre class='xdebug-var-dump' dir='ltr'>
<small>/var/www/webinar/bitrix/modules/main/lib/diag/debug.php:47:</small>
<b>array</b> <i>(size=1)</i>
  0 <font color='#888a85'>=&gt;</font> <small>int</small> <font color='#4e9a06'>5</font>
</pre>

monthEnum - formatStartEnd:
<pre class='xdebug-var-dump' dir='ltr'>
<small>/var/www/webinar/bitrix/modules/main/lib/diag/debug.php:47:</small>
<b>object</b>(<i>Drfoxg\Webinar\Helpers\Month</i>)[<i>254</i>]
  <i>protected</i> 'value' <font color='#888a85'>=&gt;</font> <small>int</small> <font color='#4e9a06'>1</font>
</pre>

get_class($monthEnum):
Drfoxg\Webinar\Helpers\Month

theme - webinarAction:
<pre class='xdebug-var-dump' dir='ltr'>
<small>/var/www/webinar/bitrix/modules/main/lib/diag/debug.php:47:</small>
<b>array</b> <i>(size=0)</i>
  <i><font color='#888a85'>empty</font></i>
</pre>

month - webinarAction:
<pre class='xdebug-var-dump' dir='ltr'>
<small>/var/www/webinar/bitrix/modules/main/lib/diag/debug.php:47:</small>
<b>array</b> <i>(size=1)</i>
  0 <font color='#888a85'>=&gt;</font> <small>string</small> <font color='#cc0000'>'5'</font> <i>(length=1)</i>
</pre>

theme - webinarAction:
<pre class='xdebug-var-dump' dir='ltr'>
<small>/var/www/webinar/bitrix/modules/main/lib/diag/debug.php:47:</small>
<b>array</b> <i>(size=0)</i>
  <i><font color='#888a85'>empty</font></i>
</pre>

month - webinarAction:
<pre class='xdebug-var-dump' dir='ltr'>
<small>/var/www/webinar/bitrix/modules/main/lib/diag/debug.php:47:</small>
<b>array</b> <i>(size=1)</i>
  0 <font color='#888a85'>=&gt;</font> <small>int</small> <font color='#4e9a06'>5</font>
</pre>

monthEnum - formatStartEnd:
<pre class='xdebug-var-dump' dir='ltr'>
<small>/var/www/webinar/bitrix/modules/main/lib/diag/debug.php:47:</small>
<b>object</b>(<i>Drfoxg\Webinar\Helpers\Month</i>)[<i>254</i>]
  <i>protected</i> 'value' <font color='#888a85'>=&gt;</font> <small>int</small> <font color='#4e9a06'>1</font>
</pre>

get_class($monthEnum):
Drfoxg\Webinar\Helpers\Month

theme - webinarAction:
<pre class='xdebug-var-dump' dir='ltr'>
<small>/var/www/webinar/bitrix/modules/main/lib/diag/debug.php:47:</small>
<b>array</b> <i>(size=0)</i>
  <i><font color='#888a85'>empty</font></i>
</pre>

month - webinarAction:
<pre class='xdebug-var-dump' dir='ltr'>
<small>/var/www/webinar/bitrix/modules/main/lib/diag/debug.php:47:</small>
<b>array</b> <i>(size=1)</i>
  0 <font color='#888a85'>=&gt;</font> <small>string</small> <font color='#cc0000'>'5'</font> <i>(length=1)</i>
</pre>

theme - webinarAction:
<pre class='xdebug-var-dump' dir='ltr'>
<small>/var/www/webinar/bitrix/modules/main/lib/diag/debug.php:47:</small>
<b>array</b> <i>(size=0)</i>
  <i><font color='#888a85'>empty</font></i>
</pre>

month - webinarAction:
<pre class='xdebug-var-dump' dir='ltr'>
<small>/var/www/webinar/bitrix/modules/main/lib/diag/debug.php:47:</small>
<b>array</b> <i>(size=1)</i>
  0 <font color='#888a85'>=&gt;</font> <small>int</small> <font color='#4e9a06'>5</font>
</pre>

monthEnum - formatStartEnd:
<pre class='xdebug-var-dump' dir='ltr'>
<small>/var/www/webinar/bitrix/modules/main/lib/diag/debug.php:47:</small>
<b>object</b>(<i>Drfoxg\Webinar\Helpers\Month</i>)[<i>254</i>]
  <i>protected</i> 'value' <font color='#888a85'>=&gt;</font> <small>int</small> <font color='#4e9a06'>1</font>
</pre>

get_class($monthEnum):
Drfoxg\Webinar\Helpers\Month

theme - webinarAction:
<pre class='xdebug-var-dump' dir='ltr'>
<small>/var/www/webinar/bitrix/modules/main/lib/diag/debug.php:47:</small>
<b>array</b> <i>(size=0)</i>
  <i><font color='#888a85'>empty</font></i>
</pre>

month - webinarAction:
<pre class='xdebug-var-dump' dir='ltr'>
<small>/var/www/webinar/bitrix/modules/main/lib/diag/debug.php:47:</small>
<b>array</b> <i>(size=1)</i>
  0 <font color='#888a85'>=&gt;</font> <small>string</small> <font color='#cc0000'>'5'</font> <i>(length=1)</i>
</pre>

theme - webinarAction:
<pre class='xdebug-var-dump' dir='ltr'>
<small>/var/www/webinar/bitrix/modules/main/lib/diag/debug.php:47:</small>
<b>array</b> <i>(size=0)</i>
  <i><font color='#888a85'>empty</font></i>
</pre>

month - webinarAction:
<pre class='xdebug-var-dump' dir='ltr'>
<small>/var/www/webinar/bitrix/modules/main/lib/diag/debug.php:47:</small>
<b>array</b> <i>(size=1)</i>
  0 <font color='#888a85'>=&gt;</font> <small>int</small> <font color='#4e9a06'>5</font>
</pre>

monthEnum - formatStartEnd:
<pre class='xdebug-var-dump' dir='ltr'>
<small>/var/www/webinar/bitrix/modules/main/lib/diag/debug.php:47:</small>
<b>object</b>(<i>Drfoxg\Webinar\Helpers\Month</i>)[<i>254</i>]
  <i>protected</i> 'value' <font color='#888a85'>=&gt;</font> <small>int</small> <font color='#4e9a06'>1</font>
</pre>

get_class($monthEnum):
Drfoxg\Webinar\Helpers\Month

theme - webinarAction:
<pre class='xdebug-var-dump' dir='ltr'>
<small>/var/www/webinar/bitrix/modules/main/lib/diag/debug.php:47:</small>
<b>array</b> <i>(size=0)</i>
  <i><font color='#888a85'>empty</font></i>
</pre>

month - webinarAction:
<pre class='xdebug-var-dump' dir='ltr'>
<small>/var/www/webinar/bitrix/modules/main/lib/diag/debug.php:47:</small>
<b>array</b> <i>(size=1)</i>
  0 <font color='#888a85'>=&gt;</font> <small>string</small> <font color='#cc0000'>'5'</font> <i>(length=1)</i>
</pre>

theme - webinarAction:
<pre class='xdebug-var-dump' dir='ltr'>
<small>/var/www/webinar/bitrix/modules/main/lib/diag/debug.php:47:</small>
<b>array</b> <i>(size=0)</i>
  <i><font color='#888a85'>empty</font></i>
</pre>

month - webinarAction:
<pre class='xdebug-var-dump' dir='ltr'>
<small>/var/www/webinar/bitrix/modules/main/lib/diag/debug.php:47:</small>
<b>array</b> <i>(size=1)</i>
  0 <font color='#888a85'>=&gt;</font> <small>int</small> <font color='#4e9a06'>5</font>
</pre>

monthEnum - formatStartEnd:
<pre class='xdebug-var-dump' dir='ltr'>
<small>/var/www/webinar/bitrix/modules/main/lib/diag/debug.php:47:</small>
<b>object</b>(<i>Drfoxg\Webinar\Helpers\Month</i>)[<i>254</i>]
  <i>protected</i> 'value' <font color='#888a85'>=&gt;</font> <small>int</small> <font color='#4e9a06'>1</font>
</pre>

get_class($monthEnum):
Drfoxg\Webinar\Helpers\Month

theme - webinarAction:
<pre class='xdebug-var-dump' dir='ltr'>
<small>/var/www/webinar/bitrix/modules/main/lib/diag/debug.php:47:</small>
<b>array</b> <i>(size=0)</i>
  <i><font color='#888a85'>empty</font></i>
</pre>

month - webinarAction:
<pre class='xdebug-var-dump' dir='ltr'>
<small>/var/www/webinar/bitrix/modules/main/lib/diag/debug.php:47:</small>
<b>array</b> <i>(size=1)</i>
  0 <font color='#888a85'>=&gt;</font> <small>string</small> <font color='#cc0000'>'5'</font> <i>(length=1)</i>
</pre>

theme - webinarAction:
<pre class='xdebug-var-dump' dir='ltr'>
<small>/var/www/webinar/bitrix/modules/main/lib/diag/debug.php:47:</small>
<b>array</b> <i>(size=0)</i>
  <i><font color='#888a85'>empty</font></i>
</pre>

month - webinarAction:
<pre class='xdebug-var-dump' dir='ltr'>
<small>/var/www/webinar/bitrix/modules/main/lib/diag/debug.php:47:</small>
<b>array</b> <i>(size=1)</i>
  0 <font color='#888a85'>=&gt;</font> <small>int</small> <font color='#4e9a06'>5</font>
</pre>

monthEnum - formatStartEnd:
<pre class='xdebug-var-dump' dir='ltr'>
<small>/var/www/webinar/bitrix/modules/main/lib/diag/debug.php:47:</small>
<b>object</b>(<i>Drfoxg\Webinar\Helpers\Month</i>)[<i>254</i>]
  <i>protected</i> 'value' <font color='#888a85'>=&gt;</font> <small>int</small> <font color='#4e9a06'>1</font>
</pre>

get_class($monthEnum):
Drfoxg\Webinar\Helpers\Month

theme - webinarAction:
<pre class='xdebug-var-dump' dir='ltr'>
<small>/var/www/webinar/bitrix/modules/main/lib/diag/debug.php:47:</small>
<b>array</b> <i>(size=0)</i>
  <i><font color='#888a85'>empty</font></i>
</pre>

month - webinarAction:
<pre class='xdebug-var-dump' dir='ltr'>
<small>/var/www/webinar/bitrix/modules/main/lib/diag/debug.php:47:</small>
<b>array</b> <i>(size=1)</i>
  0 <font color='#888a85'>=&gt;</font> <small>string</small> <font color='#cc0000'>'5'</font> <i>(length=1)</i>
</pre>

theme - webinarAction:
<pre class='xdebug-var-dump' dir='ltr'>
<small>/var/www/webinar/bitrix/modules/main/lib/diag/debug.php:47:</small>
<b>array</b> <i>(size=0)</i>
  <i><font color='#888a85'>empty</font></i>
</pre>

month - webinarAction:
<pre class='xdebug-var-dump' dir='ltr'>
<small>/var/www/webinar/bitrix/modules/main/lib/diag/debug.php:47:</small>
<b>array</b> <i>(size=1)</i>
  0 <font color='#888a85'>=&gt;</font> <small>int</small> <font color='#4e9a06'>5</font>
</pre>

monthEnum - formatStartEnd:
<pre class='xdebug-var-dump' dir='ltr'>
<small>/var/www/webinar/bitrix/modules/main/lib/diag/debug.php:47:</small>
<b>object</b>(<i>Drfoxg\Webinar\Helpers\Month</i>)[<i>254</i>]
  <i>protected</i> 'value' <font color='#888a85'>=&gt;</font> <small>int</small> <font color='#4e9a06'>1</font>
</pre>

get_class($monthEnum):
Drfoxg\Webinar\Helpers\Month

theme - webinarAction:
<pre class='xdebug-var-dump' dir='ltr'>
<small>/var/www/webinar/bitrix/modules/main/lib/diag/debug.php:47:</small>
<b>array</b> <i>(size=0)</i>
  <i><font color='#888a85'>empty</font></i>
</pre>

month - webinarAction:
<pre class='xdebug-var-dump' dir='ltr'>
<small>/var/www/webinar/bitrix/modules/main/lib/diag/debug.php:47:</small>
<b>array</b> <i>(size=1)</i>
  0 <font color='#888a85'>=&gt;</font> <small>string</small> <font color='#cc0000'>'5'</font> <i>(length=1)</i>
</pre>

theme - webinarAction:
<pre class='xdebug-var-dump' dir='ltr'>
<small>/var/www/webinar/bitrix/modules/main/lib/diag/debug.php:47:</small>
<b>array</b> <i>(size=0)</i>
  <i><font color='#888a85'>empty</font></i>
</pre>

month - webinarAction:
<pre class='xdebug-var-dump' dir='ltr'>
<small>/var/www/webinar/bitrix/modules/main/lib/diag/debug.php:47:</small>
<b>array</b> <i>(size=1)</i>
  0 <font color='#888a85'>=&gt;</font> <small>int</small> <font color='#4e9a06'>5</font>
</pre>

monthEnum - formatStartEnd:
<pre class='xdebug-var-dump' dir='ltr'>
<small>/var/www/webinar/bitrix/modules/main/lib/diag/debug.php:47:</small>
<b>object</b>(<i>Drfoxg\Webinar\Helpers\Month</i>)[<i>254</i>]
  <i>protected</i> 'value' <font color='#888a85'>=&gt;</font> <small>int</small> <font color='#4e9a06'>1</font>
</pre>

get_class($monthEnum):
Drfoxg\Webinar\Helpers\Month

theme - Model->do():
Array
(
)


theme - Model->do():
Array
(
    [0] => 5
)


theme - webinarAction:
<pre class='xdebug-var-dump' dir='ltr'>
<small>/var/www/webinar/bitrix/modules/main/lib/diag/debug.php:47:</small>
<b>array</b> <i>(size=0)</i>
  <i><font color='#888a85'>empty</font></i>
</pre>

month - webinarAction:
<pre class='xdebug-var-dump' dir='ltr'>
<small>/var/www/webinar/bitrix/modules/main/lib/diag/debug.php:47:</small>
<b>array</b> <i>(size=1)</i>
  0 <font color='#888a85'>=&gt;</font> <small>string</small> <font color='#cc0000'>'13'</font> <i>(length=2)</i>
</pre>

theme - webinarAction:
<pre class='xdebug-var-dump' dir='ltr'>
<small>/var/www/webinar/bitrix/modules/main/lib/diag/debug.php:47:</small>
<b>array</b> <i>(size=0)</i>
  <i><font color='#888a85'>empty</font></i>
</pre>

month - webinarAction:
<pre class='xdebug-var-dump' dir='ltr'>
<small>/var/www/webinar/bitrix/modules/main/lib/diag/debug.php:47:</small>
<b>array</b> <i>(size=1)</i>
  0 <font color='#888a85'>=&gt;</font> <small>int</small> <font color='#4e9a06'>13</font>
</pre>

monthEnum - formatStartEnd:
<pre class='xdebug-var-dump' dir='ltr'>
<small>/var/www/webinar/bitrix/modules/main/lib/diag/debug.php:47:</small>
<b>object</b>(<i>Drfoxg\Webinar\Helpers\Month</i>)[<i>254</i>]
  <i>protected</i> 'value' <font color='#888a85'>=&gt;</font> <small>int</small> <font color='#4e9a06'>1</font>
</pre>

get_class($monthEnum):
Drfoxg\Webinar\Helpers\Month

theme - webinarAction:
<pre class='xdebug-var-dump' dir='ltr'>
<small>/var/www/webinar/bitrix/modules/main/lib/diag/debug.php:47:</small>
<b>array</b> <i>(size=0)</i>
  <i><font color='#888a85'>empty</font></i>
</pre>

month - webinarAction:
<pre class='xdebug-var-dump' dir='ltr'>
<small>/var/www/webinar/bitrix/modules/main/lib/diag/debug.php:47:</small>
<b>array</b> <i>(size=1)</i>
  0 <font color='#888a85'>=&gt;</font> <small>string</small> <font color='#cc0000'>'-1'</font> <i>(length=2)</i>
</pre>

theme - webinarAction:
<pre class='xdebug-var-dump' dir='ltr'>
<small>/var/www/webinar/bitrix/modules/main/lib/diag/debug.php:47:</small>
<b>array</b> <i>(size=0)</i>
  <i><font color='#888a85'>empty</font></i>
</pre>

month - webinarAction:
<pre class='xdebug-var-dump' dir='ltr'>
<small>/var/www/webinar/bitrix/modules/main/lib/diag/debug.php:47:</small>
<b>array</b> <i>(size=1)</i>
  0 <font color='#888a85'>=&gt;</font> <small>int</small> <font color='#4e9a06'>-1</font>
</pre>

monthEnum - formatStartEnd:
<pre class='xdebug-var-dump' dir='ltr'>
<small>/var/www/webinar/bitrix/modules/main/lib/diag/debug.php:47:</small>
<b>object</b>(<i>Drfoxg\Webinar\Helpers\Month</i>)[<i>254</i>]
  <i>protected</i> 'value' <font color='#888a85'>=&gt;</font> <small>int</small> <font color='#4e9a06'>1</font>
</pre>

get_class($monthEnum):
Drfoxg\Webinar\Helpers\Month

theme - webinarAction:
<pre class='xdebug-var-dump' dir='ltr'>
<small>/var/www/webinar/bitrix/modules/main/lib/diag/debug.php:47:</small>
<b>array</b> <i>(size=0)</i>
  <i><font color='#888a85'>empty</font></i>
</pre>

month - webinarAction:
<pre class='xdebug-var-dump' dir='ltr'>
<small>/var/www/webinar/bitrix/modules/main/lib/diag/debug.php:47:</small>
<b>array</b> <i>(size=1)</i>
  0 <font color='#888a85'>=&gt;</font> <small>string</small> <font color='#cc0000'>'11'</font> <i>(length=2)</i>
</pre>

theme - webinarAction:
<pre class='xdebug-var-dump' dir='ltr'>
<small>/var/www/webinar/bitrix/modules/main/lib/diag/debug.php:47:</small>
<b>array</b> <i>(size=0)</i>
  <i><font color='#888a85'>empty</font></i>
</pre>

month - webinarAction:
<pre class='xdebug-var-dump' dir='ltr'>
<small>/var/www/webinar/bitrix/modules/main/lib/diag/debug.php:47:</small>
<b>array</b> <i>(size=1)</i>
  0 <font color='#888a85'>=&gt;</font> <small>int</small> <font color='#4e9a06'>11</font>
</pre>

monthEnum - formatStartEnd:
<pre class='xdebug-var-dump' dir='ltr'>
<small>/var/www/webinar/bitrix/modules/main/lib/diag/debug.php:47:</small>
<b>object</b>(<i>Drfoxg\Webinar\Helpers\Month</i>)[<i>254</i>]
  <i>protected</i> 'value' <font color='#888a85'>=&gt;</font> <small>int</small> <font color='#4e9a06'>1</font>
</pre>

get_class($monthEnum):
Drfoxg\Webinar\Helpers\Month

theme - Model->do():
Array
(
)


theme - Model->do():
Array
(
    [0] => 11
)


theme - webinarAction:
<pre class='xdebug-var-dump' dir='ltr'>
<small>/var/www/webinar/bitrix/modules/main/lib/diag/debug.php:47:</small>
<b>array</b> <i>(size=0)</i>
  <i><font color='#888a85'>empty</font></i>
</pre>

month - webinarAction:
<pre class='xdebug-var-dump' dir='ltr'>
<small>/var/www/webinar/bitrix/modules/main/lib/diag/debug.php:47:</small>
<b>array</b> <i>(size=1)</i>
  0 <font color='#888a85'>=&gt;</font> <small>string</small> <font color='#cc0000'>'11'</font> <i>(length=2)</i>
</pre>

theme - webinarAction:
<pre class='xdebug-var-dump' dir='ltr'>
<small>/var/www/webinar/bitrix/modules/main/lib/diag/debug.php:47:</small>
<b>array</b> <i>(size=0)</i>
  <i><font color='#888a85'>empty</font></i>
</pre>

month - webinarAction:
<pre class='xdebug-var-dump' dir='ltr'>
<small>/var/www/webinar/bitrix/modules/main/lib/diag/debug.php:47:</small>
<b>array</b> <i>(size=1)</i>
  0 <font color='#888a85'>=&gt;</font> <small>int</small> <font color='#4e9a06'>11</font>
</pre>

theme - webinarAction:
<pre class='xdebug-var-dump' dir='ltr'>
<small>/var/www/webinar/bitrix/modules/main/lib/diag/debug.php:47:</small>
<b>array</b> <i>(size=0)</i>
  <i><font color='#888a85'>empty</font></i>
</pre>

month - webinarAction:
<pre class='xdebug-var-dump' dir='ltr'>
<small>/var/www/webinar/bitrix/modules/main/lib/diag/debug.php:47:</small>
<b>array</b> <i>(size=1)</i>
  0 <font color='#888a85'>=&gt;</font> <small>string</small> <font color='#cc0000'>'11'</font> <i>(length=2)</i>
</pre>

theme - webinarAction:
<pre class='xdebug-var-dump' dir='ltr'>
<small>/var/www/webinar/bitrix/modules/main/lib/diag/debug.php:47:</small>
<b>array</b> <i>(size=0)</i>
  <i><font color='#888a85'>empty</font></i>
</pre>

month - webinarAction:
<pre class='xdebug-var-dump' dir='ltr'>
<small>/var/www/webinar/bitrix/modules/main/lib/diag/debug.php:47:</small>
<b>array</b> <i>(size=1)</i>
  0 <font color='#888a85'>=&gt;</font> <small>int</small> <font color='#4e9a06'>11</font>
</pre>

theme - Model->do():
Array
(
)


theme - Model->do():
Array
(
    [0] => 11
)


theme - webinarAction:
<pre class='xdebug-var-dump' dir='ltr'>
<small>/var/www/webinar/bitrix/modules/main/lib/diag/debug.php:47:</small>
<b>array</b> <i>(size=0)</i>
  <i><font color='#888a85'>empty</font></i>
</pre>

month - webinarAction:
<pre class='xdebug-var-dump' dir='ltr'>
<small>/var/www/webinar/bitrix/modules/main/lib/diag/debug.php:47:</small>
<b>array</b> <i>(size=1)</i>
  0 <font color='#888a85'>=&gt;</font> <small>string</small> <font color='#cc0000'>'11'</font> <i>(length=2)</i>
</pre>

theme - webinarAction:
<pre class='xdebug-var-dump' dir='ltr'>
<small>/var/www/webinar/bitrix/modules/main/lib/diag/debug.php:47:</small>
<b>array</b> <i>(size=0)</i>
  <i><font color='#888a85'>empty</font></i>
</pre>

month - webinarAction:
<pre class='xdebug-var-dump' dir='ltr'>
<small>/var/www/webinar/bitrix/modules/main/lib/diag/debug.php:47:</small>
<b>array</b> <i>(size=1)</i>
  0 <font color='#888a85'>=&gt;</font> <small>int</small> <font color='#4e9a06'>11</font>
</pre>

theme - Model->do():
Array
(
)


theme - Model->do():
Array
(
    [0] => 11
)


theme - webinarAction:
<pre class='xdebug-var-dump' dir='ltr'>
<small>/var/www/webinar/bitrix/modules/main/lib/diag/debug.php:47:</small>
<b>array</b> <i>(size=0)</i>
  <i><font color='#888a85'>empty</font></i>
</pre>

month - webinarAction:
<pre class='xdebug-var-dump' dir='ltr'>
<small>/var/www/webinar/bitrix/modules/main/lib/diag/debug.php:47:</small>
<b>array</b> <i>(size=1)</i>
  0 <font color='#888a85'>=&gt;</font> <small>string</small> <font color='#cc0000'>'-12'</font> <i>(length=3)</i>
</pre>

theme - webinarAction:
<pre class='xdebug-var-dump' dir='ltr'>
<small>/var/www/webinar/bitrix/modules/main/lib/diag/debug.php:47:</small>
<b>array</b> <i>(size=0)</i>
  <i><font color='#888a85'>empty</font></i>
</pre>

month - webinarAction:
<pre class='xdebug-var-dump' dir='ltr'>
<small>/var/www/webinar/bitrix/modules/main/lib/diag/debug.php:47:</small>
<b>array</b> <i>(size=1)</i>
  0 <font color='#888a85'>=&gt;</font> <small>int</small> <font color='#4e9a06'>-12</font>
</pre>

theme - webinarAction:
<pre class='xdebug-var-dump' dir='ltr'>
<small>/var/www/webinar/bitrix/modules/main/lib/diag/debug.php:47:</small>
<b>array</b> <i>(size=0)</i>
  <i><font color='#888a85'>empty</font></i>
</pre>

month - webinarAction:
<pre class='xdebug-var-dump' dir='ltr'>
<small>/var/www/webinar/bitrix/modules/main/lib/diag/debug.php:47:</small>
<b>array</b> <i>(size=1)</i>
  0 <font color='#888a85'>=&gt;</font> <small>string</small> <font color='#cc0000'>'15'</font> <i>(length=2)</i>
</pre>

theme - webinarAction:
<pre class='xdebug-var-dump' dir='ltr'>
<small>/var/www/webinar/bitrix/modules/main/lib/diag/debug.php:47:</small>
<b>array</b> <i>(size=0)</i>
  <i><font color='#888a85'>empty</font></i>
</pre>

month - webinarAction:
<pre class='xdebug-var-dump' dir='ltr'>
<small>/var/www/webinar/bitrix/modules/main/lib/diag/debug.php:47:</small>
<b>array</b> <i>(size=1)</i>
  0 <font color='#888a85'>=&gt;</font> <small>int</small> <font color='#4e9a06'>15</font>
</pre>

theme - webinarAction:
<pre class='xdebug-var-dump' dir='ltr'>
<small>/var/www/webinar/bitrix/modules/main/lib/diag/debug.php:47:</small>
<b>array</b> <i>(size=0)</i>
  <i><font color='#888a85'>empty</font></i>
</pre>

month - webinarAction:
<pre class='xdebug-var-dump' dir='ltr'>
<small>/var/www/webinar/bitrix/modules/main/lib/diag/debug.php:47:</small>
<b>array</b> <i>(size=1)</i>
  0 <font color='#888a85'>=&gt;</font> <small>string</small> <font color='#cc0000'>'6'</font> <i>(length=1)</i>
</pre>

theme - webinarAction:
<pre class='xdebug-var-dump' dir='ltr'>
<small>/var/www/webinar/bitrix/modules/main/lib/diag/debug.php:47:</small>
<b>array</b> <i>(size=0)</i>
  <i><font color='#888a85'>empty</font></i>
</pre>

month - webinarAction:
<pre class='xdebug-var-dump' dir='ltr'>
<small>/var/www/webinar/bitrix/modules/main/lib/diag/debug.php:47:</small>
<b>array</b> <i>(size=1)</i>
  0 <font color='#888a85'>=&gt;</font> <small>int</small> <font color='#4e9a06'>6</font>
</pre>

theme - Model->do():
Array
(
)


theme - Model->do():
Array
(
    [0] => 6
)


theme - webinarAction:
<pre class='xdebug-var-dump' dir='ltr'>
<small>/var/www/webinar/bitrix/modules/main/lib/diag/debug.php:47:</small>
<b>array</b> <i>(size=0)</i>
  <i><font color='#888a85'>empty</font></i>
</pre>

month - webinarAction:
<pre class='xdebug-var-dump' dir='ltr'>
<small>/var/www/webinar/bitrix/modules/main/lib/diag/debug.php:47:</small>
<b>array</b> <i>(size=2)</i>
  0 <font color='#888a85'>=&gt;</font> <small>string</small> <font color='#cc0000'>'5'</font> <i>(length=1)</i>
  1 <font color='#888a85'>=&gt;</font> <small>string</small> <font color='#cc0000'>'6'</font> <i>(length=1)</i>
</pre>

theme - webinarAction:
<pre class='xdebug-var-dump' dir='ltr'>
<small>/var/www/webinar/bitrix/modules/main/lib/diag/debug.php:47:</small>
<b>array</b> <i>(size=0)</i>
  <i><font color='#888a85'>empty</font></i>
</pre>

month - webinarAction:
<pre class='xdebug-var-dump' dir='ltr'>
<small>/var/www/webinar/bitrix/modules/main/lib/diag/debug.php:47:</small>
<b>array</b> <i>(size=2)</i>
  0 <font color='#888a85'>=&gt;</font> <small>int</small> <font color='#4e9a06'>5</font>
  1 <font color='#888a85'>=&gt;</font> <small>int</small> <font color='#4e9a06'>6</font>
</pre>

theme - Model->do():
Array
(
)


theme - Model->do():
Array
(
    [0] => 5
    [1] => 6
)


